0,1637210817264,-0.0005549722285700001,0.0199051988571,-0.002641864457139936,3
1,1637210817278,-0.0008435722285700001,0.0138250988571,-0.0023259644571400114,2
2,1637210817283,-0.00058617222857,0.008926698857099999,-0.0015069644571401083,2
3,1637210817288,0.00049412777143,0.003813798857099999,-0.0010662644571399257,2
4,1637210817325,0.00374282777143,-0.0140872011429,0.0013517355428598835,2
5,1637210817330,0.00462422777143,-0.018431801142900002,0.002572435542860069,2
6,1637210817336,0.00385592777143,-0.0215089011429,0.0027440355428598965,2
7,1637210817355,0.00180452777143,-0.026766101142900005,0.003621535542859983,2
8,1637210817367,-0.0022007722285700003,-0.0285991011429,0.004120735542859905,2
9,1637210817383,-0.005199872228569999,-0.028571801142900005,0.005045035542860005,2
10,1637210817406,-0.00803127222857,-0.020101001142900005,0.0027245355428600574,2
11,1637210817414,-0.005234972228570001,-0.0010690011429000008,0.00038063554285999203,1
12,1637210817418,-0.005234972228570001,-0.0010690011429000008,0.00038063554285999203,1
13,1637210817423,-0.0034487722285700003,0.0049291988571,-0.00018486445714000453,2
14,1637210817427,-0.0034487722285700003,0.0049291988571,-0.00018486445714000453,2
15,1637210817432,-0.0013388722285699998,0.0103072988571,-0.0018969644571399987,2
16,1637210817437,-0.0013388722285699998,0.0103072988571,-0.0018969644571399987,2
17,1637210817441,0.00043172777143,0.016356198857099997,-0.00231816445714012,3
18,1637210817446,0.0010674277714299999,0.020685198857099997,-0.0019476644571400688,3
19,1637210817450,0.0010674277714299999,0.020685198857099997,-0.0019476644571400688,3
20,1637210817455,0.00141842777143,0.0258487988571,-0.0035934644571399884,3
21,1637210817459,0.00141842777143,0.0258487988571,-0.0035934644571399884,3
22,1637210817464,0.0011922277714299999,0.0303649988571,-0.004884364457140083,3
23,1637210817468,0.0011922277714299999,0.0303649988571,-0.004884364457140083,3
24,1637210817473,0.00154322777143,0.0332977988571,-0.004810264457140117,3
25,1637210817477,0.00217892777143,0.0350293988571,-0.00457626445714005,3
26,1637210817482,0.00217892777143,0.0350293988571,-0.00457626445714005,3
27,1637210817486,0.00223352777143,0.0352555988571,-0.004892164457139974,3
28,1637210817491,0.00223352777143,0.0352555988571,-0.004892164457139974,3
29,1637210817495,0.00231932777143,0.0334420988571,-0.005703364457139986,3
30,1637210817500,0.00231932777143,0.0334420988571,-0.005703364457139986,3
31,1637210817504,0.00224132777143,0.0299125988571,-0.004794664457140113,3
32,1637210817509,0.0017109277714299998,0.023571198857099997,-0.0037884644571399336,3
33,1637210817513,0.0017109277714299998,0.023571198857099997,-0.0037884644571399336,3
34,1637210817518,0.00128192777143,0.0163054988571,-0.002848564457140051,3
35,1637210817522,0.00128192777143,0.0163054988571,-0.002848564457140051,3
36,1637210817527,0.0005292277714299999,0.0087511988571,-0.0020880644571401093,2
37,1637210817531,0.0005292277714299999,0.0087511988571,-0.0020880644571401093,2
38,1637210817536,0.00010802777142999986,0.001005798857099999,0.0006380355428599552,1
39,1637210817540,0.00010802777142999986,-0.006119501142900002,0.0015623355428600553,1
40,1637210817545,0.0005097277714299999,-0.006119501142900002,0.0015623355428600553,1
41,1637210817549,0.00143012777143,-0.0130537011429,0.0017885355428600095,2
42,1637210817554,0.00143012777143,-0.0130537011429,0.0017885355428600095,2
43,1637210817558,0.00163292777143,-0.018849101142900004,0.0023891355428600717,2
44,1637210817563,0.00163292777143,-0.018849101142900004,0.0023891355428600717,2
45,1637210817567,0.00188252777143,-0.0239854011429,0.0032822355428599407,2
46,1637210817572,0.00188252777143,-0.0286264011429,0.0041987355428599275,2
47,1637210817576,0.00235052777143,-0.0286264011429,0.0041987355428599275,2
48,1637210817581,0.0019410277714299999,-0.032035001142900005,0.003009235542859973,2
49,1637210817585,0.0019410277714299999,-0.032035001142900005,0.003009235542859973,2
50,1637210817590,0.0005253277714300001,-0.035545001142900004,0.005263435542860068,2
51,1637210817594,0.0005253277714300001,-0.035545001142900004,0.005263435542860068,2
52,1637210817599,-0.00160407222857,-0.0380332011429,0.0052166355428600545,2
53,1637210817603,-0.00160407222857,-0.0380332011429,0.00616433554286005,2
54,1637210817608,-0.00310167222857,-0.0381346011429,0.00616433554286005,2
55,1637210817612,-0.00484887222857,-0.0375613011429,0.005649535542859902,2
56,1637210817617,-0.00484887222857,-0.0375613011429,0.005649535542859902,2
57,1637210817621,-0.005897972228570001,-0.0348547011429,0.004994335542859935,2
58,1637210817626,-0.005897972228570001,-0.0348547011429,0.004994335542859935,2
59,1637210817630,-0.007317572228570001,-0.0286069011429,0.004619935542860049,2
60,1637210817635,-0.007317572228570001,-0.0286069011429,0.00422603554285988,2
61,1637210817639,-0.007430672228570001,-0.020194601142900004,0.00422603554285988,2
62,1637210817644,-0.00668187222857,-0.0118135011429,0.0028064355428599145,2
63,1637210817648,-0.00668187222857,-0.0118135011429,0.0028064355428599145,2
64,1637210817653,-0.004821572228569999,-0.0032452011429000022,0.0008096355428600047,1
65,1637210817657,-0.004821572228569999,-0.0032452011429000022,0.0008096355428600047,1
66,1637210817662,-0.00344487222857,0.004488498857099999,-0.0006723644571399786,2
67,1637210817666,-0.00344487222857,0.004488498857099999,-0.0006723644571399786,2
68,1637210817671,-0.0016235722285700004,0.0121519988571,-0.0022713644571401067,2
69,1637210817675,-0.00028977222856999994,0.017822598857099997,-0.001830664457139924,4
70,1637210817680,-0.00028977222856999994,0.017822598857099997,-0.001830664457139924,4
71,1637210817685,0.0006345277714299999,0.023980698857099997,-0.0033867644571400953,4
72,1637210817689,0.0006345277714299999,0.023980698857099997,-0.0033867644571400953,4
73,1637210817694,0.00037322777143,0.030021798857099997,-0.004135564457140089,4
74,1637210817698,0.00037322777143,0.030021798857099997,-0.004720564457139925,4
75,1637210817703,0.0006774277714299999,0.0349435988571,-0.004720564457139925,4
76,1637210817708,0.00140282777143,0.0387655988571,-0.005481064457140089,4
77,1637210817712,0.00140282777143,0.0387655988571,-0.005481064457140089,4
78,1637210817717,0.0024324277714299998,0.0417607988571,-0.006206464457139965,5
79,1637210817723,0.0024324277714299998,0.0431101988571,-0.00693576445714012,5
80,1637210817728,0.00312662777143,0.0431101988571,-0.00693576445714012,5
81,1637210817733,0.00378962777143,0.0419284988571,-0.006432664457139919,5
82,1637210817738,0.00378962777143,0.0419284988571,-0.005703364457139986,5
83,1637210817743,0.00408992777143,0.0381064988571,-0.005703364457139986,4
84,1637210817748,0.00433172777143,0.0308290988571,-0.004931164457140097,4
85,1637210817753,0.00433172777143,0.0308290988571,-0.004931164457140097,4
86,1637210817758,0.0039261277714299995,0.0219955988571,-0.0051924644571401165,4
87,1637210817762,0.00259622777143,0.0123625988571,-0.0016434644571400921,2
88,1637210817767,0.00259622777143,0.0123625988571,-0.0016434644571400921,2
89,1637210817772,0.00196442777143,0.0035095988570999995,-0.0003720644571400585,2
90,1637210817777,0.00196442777143,0.0035095988570999995,-0.0003720644571400585,2
91,1637210817782,0.0013794277714299999,-0.004894901142899999,0.0017495355428598872,2
92,1637210817787,0.0007749277714300001,-0.013638701142899999,0.002291635542859988,2
93,1637210817792,0.0007749277714300001,-0.013638701142899999,0.002291635542859988,2
94,1637210817797,0.00040832777143000017,-0.0197734011429,0.0019250355428599934,2
95,1637210817802,0.00040832777143000017,-0.026274701142900002,0.0035318355428600127,2
96,1637210817806,-0.0006212722285700001,-0.026274701142900002,0.0035318355428600127,2
97,1637210817811,-0.0004925722285699999,-0.0310990011429,0.004701835542859906,2
98,1637210817816,-0.0004925722285699999,-0.0310990011429,0.004701835542859906,2
99,1637210817821,-0.0008396722285699998,-0.0350302011429,0.004553635542859974,2
100,1637210817826,-0.00185367222857,-0.0391369011429,0.005680735542859911,2
101,1637210817831,-0.00185367222857,-0.0391369011429,0.005680735542859911,2
102,1637210817835,-0.00421707222857,-0.0431110011429,0.005446735542860065,2
103,1637210817840,-0.00421707222857,-0.0431110011429,0.005446735542860065,2
104,1637210817845,-0.005234972228570001,-0.0441562011429,0.006679135542859977,2
105,1637210817850,-0.00656877222857,-0.0419098011429,0.006772735542860004,2
106,1637210817855,-0.00656877222857,-0.0419098011429,0.006772735542860004,2
107,1637210817860,-0.00787527222857,-0.0394372011429,0.005540335542860092,2
108,1637210817865,-0.00787527222857,-0.0319765011429,0.005438935542859952,2
109,1637210817870,-0.007894772228570001,-0.0319765011429,0.005438935542859952,2
110,1637210817875,-0.00775827222857,-0.022218701142900005,0.0036761355428598878,2
111,1637210817880,-0.00775827222857,-0.022218701142900005,0.0036761355428598878,2
112,1637210817885,-0.0063230722285700005,-0.0114079011429,0.0038321355428599328,2
113,1637210817889,-0.0048254722285700005,-0.0018139011429000006,0.000817435542859896,1
114,1637210817894,-0.0048254722285700005,-0.0018139011429000006,0.000817435542859896,1
115,1637210817899,-0.0022280722285700004,0.0063097988571,-0.0015069644571401083,2
116,1637210817904,-0.0022280722285700004,0.0063097988571,-0.0015069644571401083,2
117,1637210817909,0.00026792777143,0.013918698857099999,-0.003453064457139948,2
118,1637210817914,0.00262352777143,0.0196672988571,-0.001811164457140085,4
119,1637210817919,0.00262352777143,0.0196672988571,-0.001811164457140085,4
120,1637210817923,0.00455012777143,0.0261412988571,-0.0026379644571401014,4
121,1637210817928,0.00455012777143,0.0261412988571,-0.005356264457140053,4
122,1637210817933,0.00497522777143,0.0317533988571,-0.005356264457140053,4
123,1637210817938,0.00489332777143,0.0363943988571,-0.005040364457140128,4
124,1637210817943,0.00489332777143,0.0363943988571,-0.005040364457140128,4